a.pixiv.org
accounts.pixiv.net
ads-pixiv.net
api.fanbox.cc
asset.booth.pm
booth.pm
booth.pximg.net
comic.pixiv.net
danbooru.donmai.us
developer.vroid.com
deviantart.com
dic.pixiv.net
event.pixiv-recommend.net
factory.pixiv.net
fanbox.cc
ficbook.net
gelbooru.com
hentaichan.live
hub.vroid.com
i.pximg.net
images-wixmp-ed30a86b8c4ca887773594c2.wixmp.com
img-novel.pximg.net
img-sketch.pximg.net
imp.pixiv.net
infinitenovel.eu
novel.pixiv.net
open-pixon.ads-pixiv.net
pastela.app
pixiv.co.jp
pixiv.me
pixiv.net
pixiv.org
pixivision.net
pixon.ads-pixiv.net
policies.pixiv.net
public-img-comic.pximg.net
pximg.net
rulate.ru
s.pximg.net
sketch.pixiv.net
tl.rulate.ru
vndb.org
vroid-hub.pximg.net
vroid.com
vroid.pixiv.help
www.danbooru.donmai.us
www.deviantart.com
www.fanbox.cc
www.ficbook.net
www.gelbooru.com
www.hentaichan.live
www.infinitenovel.eu
www.pixiv.net
www.pixivision.net
www.rulate.ru
www.vndb.org
www.younettranslate.com
x.hentaichan.live
y.hentaichan.live
younettranslate.com